10/31/2017 16:14:25 PM suxiangjun用户成功登陆
10/31/2017 16:19:02 PM suxiangjun用户成功登陆
10/31/2017 16:19:51 PM suxiangjun用户成功登陆
10/31/2017 16:31:01 PM suxiangjun用户成功登陆
10/31/2017 16:32:13 PM suxiangjun用户成功登陆
10/31/2017 16:32:23 PM suxiangjun用户成功登陆
10/31/2017 16:38:22 PM suxiangjun用户成功登陆
10/31/2017 16:40:58 PM suxiangjun用户成功登陆
10/31/2017 16:44:07 PM suxiangjun用户成功登陆
10/31/2017 16:44:19 PM suxiangjun成功上传test文件
10/31/2017 16:48:56 PM suxiangjun用户成功登陆
10/31/2017 16:49:33 PM suxiangjun用户成功登陆
10/31/2017 16:50:55 PM suxiangjun用户成功登陆
10/31/2017 16:51:46 PM suxiangjun用户成功登陆
10/31/2017 17:15:47 PM suxiangjun用户成功登陆
10/31/2017 17:17:18 PM suxiangjun用户成功登陆
10/31/2017 17:23:45 PM suxiangjun用户成功登陆
10/31/2017 17:24:34 PM suxiangjun用户成功登陆
10/31/2017 17:24:40 PM suxiangjun用户下载test文件
10/31/2017 17:24:53 PM suxiangjun用户成功登陆
10/31/2017 17:24:58 PM suxiangjun用户下载test文件
10/31/2017 17:36:58 PM suxiangjun用户成功登陆
10/31/2017 17:43:39 PM suxiangjun用户成功登陆
10/31/2017 18:00:23 PM suxiangjun用户成功登陆
10/31/2017 18:01:40 PM suxiangjun用户成功登陆
10/31/2017 18:02:57 PM suxiangjun用户成功登陆
10/31/2017 18:12:40 PM suxiangjun用户成功登陆
10/31/2017 18:12:50 PM suxiangjun用户下载test文件
10/31/2017 18:13:21 PM suxiangjun成功上传tes112文件
10/31/2017 18:20:45 PM suxiangjun用户成功登陆
10/31/2017 18:27:57 PM suxiangjun用户成功登陆
10/31/2017 18:58:45 PM suxiangjun用户成功登陆
10/31/2017 19:06:04 PM suxiangjun用户成功登陆
10/31/2017 19:06:50 PM suxiangjun用户成功登陆
10/31/2017 19:07:47 PM suxiangjun用户成功登陆
10/31/2017 19:09:26 PM suxiangjun用户成功登陆
10/31/2017 19:16:12 PM suxiangjun用户成功登陆
10/31/2017 19:18:03 PM suxiangjun用户成功登陆
10/31/2017 19:20:45 PM suxiangjun用户成功登陆
10/31/2017 19:22:37 PM suxiangjun用户成功登陆
10/31/2017 19:24:13 PM suxiangjun用户成功登陆
10/31/2017 19:26:40 PM suxiangjun用户成功登陆
10/31/2017 19:28:46 PM suxiangjun用户成功登陆
10/31/2017 19:31:15 PM suxiangjun用户成功登陆
10/31/2017 19:33:03 PM suxiangjun用户成功登陆
10/31/2017 19:35:50 PM suxiangjun用户成功登陆
10/31/2017 19:36:29 PM suxiangjun用户成功登陆
10/31/2017 19:39:15 PM suxiangjun用户成功登陆
10/31/2017 19:39:56 PM suxiangjun用户成功登陆
10/31/2017 19:43:42 PM suxiangjun用户成功登陆
10/31/2017 19:44:02 PM suxiangjun用户成功登陆
10/31/2017 19:44:27 PM suxiangjun用户成功登陆
10/31/2017 19:48:45 PM suxiangjun用户成功登陆
10/31/2017 19:51:40 PM suxiangjun用户成功登陆
10/31/2017 19:52:26 PM suxiangjun用户成功登陆
10/31/2017 19:53:42 PM suxiangjun用户成功登陆
10/31/2017 19:58:48 PM suxiangjun用户成功登陆
10/31/2017 20:00:04 PM suxiangjun用户成功登陆
10/31/2017 20:03:12 PM suxiangjun用户成功登陆
10/31/2017 20:06:06 PM suxiangjun用户成功登陆
10/31/2017 20:06:37 PM suxiangjun用户成功登陆
10/31/2017 20:07:43 PM suxiangjun用户成功登陆
10/31/2017 20:09:09 PM suxiangjun用户成功登陆
10/31/2017 20:11:40 PM suxiangjun用户成功登陆
10/31/2017 20:13:58 PM suxiangjun用户成功登陆
10/31/2017 20:24:44 PM suxiangjun用户成功登陆
10/31/2017 20:26:33 PM suxiangjun用户成功登陆
10/31/2017 20:29:47 PM suxiangjun用户成功登陆
10/31/2017 20:30:41 PM suxiangjun用户成功登陆
10/31/2017 20:32:00 PM suxiangjun用户成功登陆
10/31/2017 20:33:17 PM suxiangjun用户成功登陆
10/31/2017 20:34:46 PM suxiangjun用户成功登陆
10/31/2017 20:37:21 PM suxiangjun用户成功登陆
10/31/2017 20:40:39 PM suxiangjun用户成功登陆
10/31/2017 20:41:40 PM suxiangjun用户成功登陆
10/31/2017 20:42:09 PM suxiangjun用户成功登陆
10/31/2017 20:44:17 PM suxiangjun用户成功登陆
10/31/2017 20:46:09 PM suxiangjun用户成功登陆
10/31/2017 20:48:43 PM suxiangjun用户成功登陆
10/31/2017 20:50:35 PM suxiangjun用户成功登陆
10/31/2017 20:52:06 PM suxiangjun用户成功登陆
10/31/2017 20:53:16 PM suxiangjun用户成功登陆
10/31/2017 20:54:11 PM suxiangjun用户成功登陆
10/31/2017 20:55:53 PM suxiangjun用户成功登陆
10/31/2017 21:03:51 PM suxiangjun用户成功登陆
10/31/2017 21:05:45 PM suxiangjun用户成功登陆
10/31/2017 21:07:37 PM suxiangjun用户成功登陆
10/31/2017 21:07:58 PM suxiangjun用户成功登陆
10/31/2017 21:08:39 PM suxiangjun用户成功登陆
10/31/2017 21:08:51 PM suxiangjun用户成功登陆
10/31/2017 21:12:27 PM suxiangjun用户成功登陆
10/31/2017 21:20:13 PM suxiangjun用户成功登陆
10/31/2017 21:24:24 PM suxiangjun用户成功登陆
10/31/2017 21:25:44 PM suxiangjun用户成功登陆
10/31/2017 21:26:24 PM suxiangjun用户下载bbb文件
10/31/2017 21:27:58 PM suxiangjun用户成功登陆
10/31/2017 21:28:33 PM suxiangjun用户下载bbb文件
10/31/2017 21:30:37 PM suxiangjun用户下载test文件
10/31/2017 21:30:48 PM suxiangjun用户下载bbb文件
10/31/2017 21:32:37 PM suxiangjun用户成功登陆
10/31/2017 21:32:50 PM suxiangjun用户下载bbb文件
10/31/2017 21:34:18 PM suxiangjun用户成功登陆
10/31/2017 21:36:04 PM suxiangjun用户成功登陆
